0 info it worked if it ends with ok
1 verbose cli [ '/usr/local/bin/node',
1 verbose cli   '/usr/local/bin/npm',
1 verbose cli   'version',
1 verbose cli   'patch' ]
2 info using npm@1.4.28
3 info using node@v0.10.33
4 error Error: Git working directory not clean.
4 error M clients/browser/tokensockjs.min.js
4 error M test/dependencies/server.browser.js
4 error     at /usr/local/lib/node_modules/npm/lib/version.js:91:33
4 error     at ChildProcess.exithandler (child_process.js:646:7)
4 error     at ChildProcess.emit (events.js:98:17)
4 error     at maybeClose (child_process.js:756:16)
4 error     at Socket.<anonymous> (child_process.js:969:11)
4 error     at Socket.emit (events.js:95:17)
4 error     at Pipe.close (net.js:465:12)
5 error If you need help, you may report this *entire* log,
5 error including the npm and node versions, at:
5 error     <http://github.com/npm/npm/issues>
6 error System Darwin 13.4.0
7 error command "/usr/local/bin/node" "/usr/local/bin/npm" "version" "patch"
8 error cwd /Users/alec/Projects/token-sockjs-client
9 error node -v v0.10.33
10 error npm -v 1.4.28
11 verbose exit [ 1, true ]
